 
****************************************
Report : Scan path
Design : counter
Version: S-2021.06-SP3
Date   : Wed Sep  6 16:29:14 2023
****************************************

========================================
TEST MODE: Internal_scan
VIEW     : Specification
========================================
No scan path defined in this mode.

 
****************************************
Report : Scan path
Design : counter
Version: S-2021.06-SP3
Date   : Wed Sep  6 16:29:14 2023
****************************************

========================================
TEST MODE: Internal_scan
VIEW     : Existing DFT
========================================

========================================
AS SPECIFIED BY USER
========================================


========================================
AS BUILT BY insert_dft
========================================

Scan_path    Len   ScanDataIn  ScanDataOut ScanEnable  MasterClock SlaveClock
-----------  ----- ----------- ----------- ----------- ----------- -----------
I 1          4     test_si     test_so     test_se     clock       -

========================================
TEST MODE: Internal_scan
VIEW     : Existing DFT
========================================

========================================
AS SPECIFIED BY USER
========================================


========================================
AS BUILT BY insert_dft
========================================

Scan_path     Cell_#    Instance_name            Clocks
---------     ------    -------------            ------
I 1           0         value_reg_1_             clock 
              1         value_reg_2_
              2         value_reg_0_
              3         value_reg_3_

1
