Information: Library cell 'sky130_fd_sc_hs__decap_8' has been identified as a cell with insulated bias well(s). (UPF-710)
Note - message 'UPF-710' limit (1) exceeded.  Remainder will be suppressed.
 
****************************************
Report : scenarios
Design : counter
Scenario(s): mode_norm.slow.RCmax mode_norm.fast.RCmin
Version: S-2021.06-SP3
Date   : Wed Sep  6 21:06:22 2023
****************************************

All scenarios (Total=2): mode_norm.slow.RCmax mode_norm.fast.RCmin
All Active scenarios (Total=2): mode_norm.slow.RCmax mode_norm.fast.RCmin
Current scenario     : mode_norm.fast.RCmin

Scenario #0: mode_norm.slow.RCmax is active.
Scenario options: Setup
Cts_corner: none
Has timing derate: No

Library(s) Used:
 gtech (File: /mnt/apps/public/COE/synopsys_apps/syn/S-2021.06-SP3/libraries/syn/gtech.db)

Operating condition(s) Used:
  Analysis Type    : bc_wc
  Max Operating Condition: sky130_fd_sc_hs:max
  Max Process    : 1.00
  Max Voltage    : 1.60
  Max Temperature: -40.00
  Min Operating Condition: sky130_fd_sc_hs:max
  Min Process    : 1.00
  Min Voltage    : 1.60
  Min Temperature: -40.00

TLU+ Files Used:
  Max TLU+ file: /mnt/coe/workspace/ece/ece720-common/tech/google/star_rcxt/sky130/sky130_RCmax.tluplus
  Tech2ITF mapping file: /mnt/coe/workspace/ece/ece720-common/tech/google/star_rcxt/sky130/layer.map

Scenario #1: mode_norm.fast.RCmin is active.
Scenario options: Hold Leakage_power
Cts_corner: none
Has timing derate: No

Library(s) Used:
 gtech (File: /mnt/apps/public/COE/synopsys_apps/syn/S-2021.06-SP3/libraries/syn/gtech.db)

Operating condition(s) Used:
  Analysis Type    : bc_wc
  Max Operating Condition: sky130_fd_sc_hs:min
  Max Process    : 1.00
  Max Voltage    : 1.95
  Max Temperature: -40.00
  Min Operating Condition: sky130_fd_sc_hs:min
  Min Process    : 1.00
  Min Voltage    : 1.95
  Min Temperature: -40.00

TLU+ Files Used:
  Max TLU+ file: /mnt/coe/workspace/ece/ece720-common/tech/google/star_rcxt/sky130/sky130_RCmin.tluplus
  Tech2ITF mapping file: /mnt/coe/workspace/ece/ece720-common/tech/google/star_rcxt/sky130/layer.map

1
