 
****************************************
Report : timing
        -path full
        -delay max
        -nets
        -max_paths 1
        -transition_time
Design : counter
Scenario(s): mode_norm.slow.RCmax mode_norm.fast.RCmin
Version: S-2021.06-SP3
Date   : Wed Sep  6 21:07:23 2023
****************************************

 * Some/all delay information is back-annotated.
Wire Load Model Mode: Inactive.

  Startpoint: reset (input port clocked by clock)
  Endpoint: value_reg_2_
            (rising edge-triggered flip-flop clocked by clock)
  Scenario: mode_norm.slow.RCmax
  Path Group: REGIN
  Path Type: max

Attributes:
    d - dont_touch
    u - dont_use
   mo - map_only
   so - size_only
    i - ideal_net or ideal_network
  inf - infeasible path

  Point                                       Fanout     Trans      Incr       Path      Attributes     Voltage
  -------------------------------------------------------------------------------------------------------------------
  clock clock (rise edge)                                           0.00       0.00                     
  clock network delay (ideal)                                       0.00       0.00                     
  input external delay                                              0.40       0.40 f                   
  reset (in)                                              0.07      0.05       0.45 f                   
  reset (net)                                   3                   0.00       0.45 f                   
  U26/Y (sky130_fd_sc_hs__nor3_1)                         0.31      0.35 *     0.80 r                   1.60
  n13 (net)                                     1                   0.00       0.80 r                   
  U27/Y (sky130_fd_sc_hs__nand2_1)                        0.13      0.22 *     1.02 f                   1.60
  n22 (net)                                     4                   0.00       1.02 f                   
  U33/Y (sky130_fd_sc_hs__o2bb2ai_1)                      0.21      0.28 *     1.30 r                   1.60
  N13 (net)                                     1                   0.00       1.30 r                   
  value_reg_2_/D (sky130_fd_sc_hs__sdfxtp_1)              0.21      0.00 *     1.30 r                   1.60
  data arrival time                                                            1.30                     

  clock clock (rise edge)                                           5.00       5.00                     
  clock network delay (ideal)                                       0.00       5.00                     
  clock uncertainty                                                -0.20       4.80                     
  value_reg_2_/CLK (sky130_fd_sc_hs__sdfxtp_1)                      0.00       4.80 r                   
  library setup time                                               -0.32       4.48                     
  data required time                                                           4.48                     
  -------------------------------------------------------------------------------------------------------------------
  data required time                                                           4.48                     
  data arrival time                                                           -1.30                     
  -------------------------------------------------------------------------------------------------------------------
  slack (MET)                                                                  3.18                     


  Startpoint: value_reg_0_
              (rising edge-triggered flip-flop clocked by clock)
  Endpoint: zero (output port clocked by clock)
  Scenario: mode_norm.slow.RCmax
  Path Group: REGOUT
  Path Type: max

Attributes:
    d - dont_touch
    u - dont_use
   mo - map_only
   so - size_only
    i - ideal_net or ideal_network
  inf - infeasible path

  Point                                       Fanout     Trans      Incr       Path      Attributes     Voltage
  -------------------------------------------------------------------------------------------------------------------
  clock clock (rise edge)                                           0.00       0.00                     
  clock network delay (ideal)                                       0.00       0.00                     
  value_reg_0_/CLK (sky130_fd_sc_hs__sdfxtp_1)            0.00      0.00       0.00 r                   1.60
  value_reg_0_/Q (sky130_fd_sc_hs__sdfxtp_1)              0.09      0.40       0.40 f                   1.60
  value_0_ (net)                                4                   0.00       0.40 f                   
  U22/Y (sky130_fd_sc_hs__nor2_1)                         0.29      0.30 *     0.70 r                   1.60
  n16 (net)                                     3                   0.00       0.70 r                   
  U24/Y (sky130_fd_sc_hs__nand2_1)                        0.12      0.19 *     0.88 f                   1.60
  n18 (net)                                     3                   0.00       0.88 f                   
  U25/Y (sky130_fd_sc_hs__nor2_1)                         0.72      0.61 *     1.49 r                   1.60
  zero (net)                                    2                   0.00       1.49 r                   
  zero (out)                                              0.72      0.00 *     1.49 r                   
  data arrival time                                                            1.49                     

  clock clock (rise edge)                                           5.00       5.00                     
  clock network delay (ideal)                                       0.00       5.00                     
  clock uncertainty                                                -0.20       4.80                     
  output external delay                                            -0.40       4.40                     
  data required time                                                           4.40                     
  -------------------------------------------------------------------------------------------------------------------
  data required time                                                           4.40                     
  data arrival time                                                           -1.49                     
  -------------------------------------------------------------------------------------------------------------------
  slack (MET)                                                                  2.91                     


  Startpoint: value_reg_0_
              (rising edge-triggered flip-flop clocked by clock)
  Endpoint: value_reg_2_
            (rising edge-triggered flip-flop clocked by clock)
  Scenario: mode_norm.slow.RCmax
  Path Group: clock
  Path Type: max

Attributes:
    d - dont_touch
    u - dont_use
   mo - map_only
   so - size_only
    i - ideal_net or ideal_network
  inf - infeasible path

  Point                                       Fanout     Trans      Incr       Path      Attributes     Voltage
  -------------------------------------------------------------------------------------------------------------------
  clock clock (rise edge)                                           0.00       0.00                     
  clock network delay (ideal)                                       0.00       0.00                     
  value_reg_0_/CLK (sky130_fd_sc_hs__sdfxtp_1)            0.00      0.00       0.00 r                   1.60
  value_reg_0_/Q (sky130_fd_sc_hs__sdfxtp_1)              0.09      0.40       0.40 f                   1.60
  value_0_ (net)                                4                   0.00       0.40 f                   
  U22/Y (sky130_fd_sc_hs__nor2_1)                         0.29      0.30 *     0.70 r                   1.60
  n16 (net)                                     3                   0.00       0.70 r                   
  U24/Y (sky130_fd_sc_hs__nand2_1)                        0.12      0.19 *     0.88 f                   1.60
  n18 (net)                                     3                   0.00       0.88 f                   
  U25/Y (sky130_fd_sc_hs__nor2_1)                         0.72      0.61 *     1.49 r                   1.60
  zero (net)                                    2                   0.00       1.49 r                   
  U26/Y (sky130_fd_sc_hs__nor3_1)                         0.11      0.21 *     1.70 f                   1.60
  n13 (net)                                     1                   0.00       1.70 f                   
  U27/Y (sky130_fd_sc_hs__nand2_1)                        0.21      0.23 *     1.92 r                   1.60
  n22 (net)                                     4                   0.00       1.92 r                   
  U33/Y (sky130_fd_sc_hs__o2bb2ai_1)                      0.06      0.13 *     2.05 f                   1.60
  N13 (net)                                     1                   0.00       2.05 f                   
  value_reg_2_/D (sky130_fd_sc_hs__sdfxtp_1)              0.06      0.00 *     2.05 f                   1.60
  data arrival time                                                            2.05                     

  clock clock (rise edge)                                           5.00       5.00                     
  clock network delay (ideal)                                       0.00       5.00                     
  clock uncertainty                                                -0.20       4.80                     
  value_reg_2_/CLK (sky130_fd_sc_hs__sdfxtp_1)                      0.00       4.80 r                   
  library setup time                                               -0.56       4.24                     
  data required time                                                           4.24                     
  -------------------------------------------------------------------------------------------------------------------
  data required time                                                           4.24                     
  data arrival time                                                           -2.05                     
  -------------------------------------------------------------------------------------------------------------------
  slack (MET)                                                                  2.19                     


  Startpoint: reset (input port clocked by clock)
  Endpoint: value_reg_2_
            (rising edge-triggered flip-flop clocked by clock)
  Scenario: mode_norm.fast.RCmin
  Path Group: REGIN
  Path Type: max

Attributes:
    d - dont_touch
    u - dont_use
   mo - map_only
   so - size_only
    i - ideal_net or ideal_network
  inf - infeasible path

  Point                                       Fanout     Trans      Incr       Path      Attributes     Voltage
  -------------------------------------------------------------------------------------------------------------------
  clock clock (rise edge)                                           0.00       0.00                     
  clock network delay (ideal)                                       0.00       0.00                     
  input external delay                                              0.40       0.40 f                   
  reset (in)                                              0.04      0.03       0.43 f                   
  reset (net)                                   3                   0.00       0.43 f                   
  U26/Y (sky130_fd_sc_hs__nor3_1)                         0.10      0.10 *     0.53 r                   1.95
  n13 (net)                                     1                   0.00       0.53 r                   
  U27/Y (sky130_fd_sc_hs__nand2_1)                        0.07      0.07 *     0.60 f                   1.95
  n22 (net)                                     4                   0.00       0.60 f                   
  U33/Y (sky130_fd_sc_hs__o2bb2ai_1)                      0.08      0.08 *     0.68 r                   1.95
  N13 (net)                                     1                   0.00       0.68 r                   
  value_reg_2_/D (sky130_fd_sc_hs__sdfxtp_1)              0.08      0.00 *     0.68 r                   1.95
  data arrival time                                                            0.68                     

  clock clock (rise edge)                                           5.00       5.00                     
  clock network delay (ideal)                                       0.00       5.00                     
  clock uncertainty                                                -0.20       4.80                     
  value_reg_2_/CLK (sky130_fd_sc_hs__sdfxtp_1)                      0.00       4.80 r                   
  library setup time                                               -0.09       4.71                     
  data required time                                                           4.71                     
  -------------------------------------------------------------------------------------------------------------------
  data required time                                                           4.71                     
  data arrival time                                                           -0.68                     
  -------------------------------------------------------------------------------------------------------------------
  slack (MET)                                                                  4.03                     


  Startpoint: value_reg_0_
              (rising edge-triggered flip-flop clocked by clock)
  Endpoint: zero (output port clocked by clock)
  Scenario: mode_norm.fast.RCmin
  Path Group: REGOUT
  Path Type: max

Attributes:
    d - dont_touch
    u - dont_use
   mo - map_only
   so - size_only
    i - ideal_net or ideal_network
  inf - infeasible path

  Point                                       Fanout     Trans      Incr       Path      Attributes     Voltage
  -------------------------------------------------------------------------------------------------------------------
  clock clock (rise edge)                                           0.00       0.00                     
  clock network delay (ideal)                                       0.00       0.00                     
  value_reg_0_/CLK (sky130_fd_sc_hs__sdfxtp_1)            0.00      0.00       0.00 r                   1.95
  value_reg_0_/Q (sky130_fd_sc_hs__sdfxtp_1)              0.05      0.16       0.16 f                   1.95
  value_0_ (net)                                4                   0.00       0.16 f                   
  U22/Y (sky130_fd_sc_hs__nor2_1)                         0.10      0.09 *     0.25 r                   1.95
  n16 (net)                                     3                   0.00       0.25 r                   
  U24/Y (sky130_fd_sc_hs__nand2_1)                        0.06      0.06 *     0.30 f                   1.95
  n18 (net)                                     3                   0.00       0.30 f                   
  U25/Y (sky130_fd_sc_hs__nor2_1)                         0.24      0.19 *     0.49 r                   1.95
  zero (net)                                    2                   0.00       0.49 r                   
  zero (out)                                              0.24      0.00 *     0.49 r                   
  data arrival time                                                            0.49                     

  clock clock (rise edge)                                           5.00       5.00                     
  clock network delay (ideal)                                       0.00       5.00                     
  clock uncertainty                                                -0.20       4.80                     
  output external delay                                            -0.40       4.40                     
  data required time                                                           4.40                     
  -------------------------------------------------------------------------------------------------------------------
  data required time                                                           4.40                     
  data arrival time                                                           -0.49                     
  -------------------------------------------------------------------------------------------------------------------
  slack (MET)                                                                  3.91                     


  Startpoint: value_reg_0_
              (rising edge-triggered flip-flop clocked by clock)
  Endpoint: value_reg_2_
            (rising edge-triggered flip-flop clocked by clock)
  Scenario: mode_norm.fast.RCmin
  Path Group: clock
  Path Type: max

Attributes:
    d - dont_touch
    u - dont_use
   mo - map_only
   so - size_only
    i - ideal_net or ideal_network
  inf - infeasible path

  Point                                       Fanout     Trans      Incr       Path      Attributes     Voltage
  -------------------------------------------------------------------------------------------------------------------
  clock clock (rise edge)                                           0.00       0.00                     
  clock network delay (ideal)                                       0.00       0.00                     
  value_reg_0_/CLK (sky130_fd_sc_hs__sdfxtp_1)            0.00      0.00       0.00 r                   1.95
  value_reg_0_/Q (sky130_fd_sc_hs__sdfxtp_1)              0.05      0.16       0.16 f                   1.95
  value_0_ (net)                                4                   0.00       0.16 f                   
  U22/Y (sky130_fd_sc_hs__nor2_1)                         0.10      0.09 *     0.25 r                   1.95
  n16 (net)                                     3                   0.00       0.25 r                   
  U24/Y (sky130_fd_sc_hs__nand2_1)                        0.06      0.06 *     0.30 f                   1.95
  n18 (net)                                     3                   0.00       0.30 f                   
  U25/Y (sky130_fd_sc_hs__nor2_1)                         0.24      0.19 *     0.49 r                   1.95
  zero (net)                                    2                   0.00       0.49 r                   
  U26/Y (sky130_fd_sc_hs__nor3_1)                         0.06      0.03 *     0.52 f                   1.95
  n13 (net)                                     1                   0.00       0.52 f                   
  U27/Y (sky130_fd_sc_hs__nand2_1)                        0.08      0.08 *     0.60 r                   1.95
  n22 (net)                                     4                   0.00       0.60 r                   
  U33/Y (sky130_fd_sc_hs__o2bb2ai_1)                      0.04      0.04 *     0.64 f                   1.95
  N13 (net)                                     1                   0.00       0.64 f                   
  value_reg_2_/D (sky130_fd_sc_hs__sdfxtp_1)              0.04      0.00 *     0.64 f                   1.95
  data arrival time                                                            0.64                     

  clock clock (rise edge)                                           5.00       5.00                     
  clock network delay (ideal)                                       0.00       5.00                     
  clock uncertainty                                                -0.20       4.80                     
  value_reg_2_/CLK (sky130_fd_sc_hs__sdfxtp_1)                      0.00       4.80 r                   
  library setup time                                               -0.12       4.68                     
  data required time                                                           4.68                     
  -------------------------------------------------------------------------------------------------------------------
  data required time                                                           4.68                     
  data arrival time                                                           -0.64                     
  -------------------------------------------------------------------------------------------------------------------
  slack (MET)                                                                  4.04                     


1
