****************************************************************
Information: TLUPlus based RC computation is enabled. (RCEX-141)
****************************************************************
Information: The distance unit in Capacitance and Resistance is 1 micron. (RCEX-007)
Information: The RC model used is TLU+. (RCEX-015)
Information: Library Derived Cap for layer li1 : 0.00013 0.00013 (RCEX-011)
Information: Library Derived Res for layer li1 : 0.072 0.072 (RCEX-011)
Information: Library Derived Cap for layer met1 : 0.00022 0.00022 (RCEX-011)
Information: Library Derived Res for layer met1 : 0.00089 0.00089 (RCEX-011)
Information: Library Derived Cap for layer met2 : 0.00018 0.00018 (RCEX-011)
Information: Library Derived Res for layer met2 : 0.00089 0.00089 (RCEX-011)
Information: Library Derived Cap for layer met3 : 0.00027 0.00027 (RCEX-011)
Information: Library Derived Res for layer met3 : 0.00016 0.00016 (RCEX-011)
Information: Library Derived Cap for layer met4 : 0.00021 0.00021 (RCEX-011)
Information: Library Derived Res for layer met4 : 0.00016 0.00016 (RCEX-011)
Information: Library Derived Cap for layer met5 : 0.00026 0.00026 (RCEX-011)
Information: Library Derived Res for layer met5 : 1.8e-05 1.8e-05 (RCEX-011)
Information: Library Derived Horizontal Cap : 0.00025 0.00025 (RCEX-011)
Information: Library Derived Horizontal Res : 0.00036 0.00036 (RCEX-011)
Information: Library Derived Vertical Cap : 0.00017 0.00017 (RCEX-011)
Information: Library Derived Vertical Res : 0.024 0.024 (RCEX-011)
Information: Using derived R and C coefficients. (RCEX-008)
Information: Using region-based R and C coefficients. (RCEX-013)
Information: Library Derived Via Res : 0.0024 0.0024 (RCEX-011)

Generating congestion map using Zroute global route ...
Start Global Route ... 
[Init] Elapsed real time: 0:00:00 
[Init] Elapsed cpu  time: sys=0:00:00 usr=0:00:00 total=0:00:00
[Init] Stage (MB): Used    0  Alloctr    0  Proc    0 
[Init] Total (MB): Used    6  Alloctr    6  Proc 3327 
Printing options for 'set_route_zrt_common_options'

Printing options for 'set_route_zrt_global_options'

Begin global routing.
Turn off antenna since no rule is specified
Cell Min-Routing-Layer = li1
Cell Max-Routing-Layer = met5
Information: Multiple default contact L1M1_PR_C found for layer mcon. (ZRT-021)
Information: Multiple default contact M1M2_PR_C found for layer via. (ZRT-021)
Information: Multiple default contact M2M3_PR_C found for layer via2. (ZRT-021)
Information: Multiple default contact M3M4_PR_C found for layer via3. (ZRT-021)
Via on layer (via4) needs more than one tracks
Warning: Layer met4 pitch 0.960 may be too small: wire/via-down 0.615, wire/via-up 1.040. (ZRT-026)
Transition layer name: met4(4)
Current Stage stats:
[End of Read DB] Elapsed real time: 0:00:00 
[End of Read DB] Elapsed cpu  time: sys=0:00:00 usr=0:00:00 total=0:00:00
[End of Read DB] Stage (MB): Used   57  Alloctr   57  Proc    8 
[End of Read DB] Total (MB): Used   64  Alloctr   64  Proc 3335 
Constructing data structure ...
Design statistics:
Design Bounding Box (0.00,0.00,22.56,23.31)
Number of routing layers = 6
layer li1, dir Ver, min width = 0.17, min space = 0.17 pitch = 0.48
layer met1, dir Hor, min width = 0.14, min space = 0.14 pitch = 0.37
layer met2, dir Ver, min width = 0.14, min space = 0.14 pitch = 0.48
layer met3, dir Hor, min width = 0.30, min space = 0.30 pitch = 0.74
layer met4, dir Ver, min width = 0.30, min space = 0.30 pitch = 0.96
layer met5, dir Hor, min width = 1.60, min space = 1.60 pitch = 3.33
Current Stage stats:
[End of Build Tech Data] Elapsed real time: 0:00:00 
[End of Build Tech Data] Elapsed cpu  time: sys=0:00:00 usr=0:00:00 total=0:00:00
[End of Build Tech Data] Stage (MB): Used    0  Alloctr    0  Proc    0 
[End of Build Tech Data] Total (MB): Used   64  Alloctr   65  Proc 3335 
Net statistics:
Total number of nets     = 32
Number of nets to route  = 32
Current Stage stats:
[End of Build All Nets] Elapsed real time: 0:00:00 
[End of Build All Nets] Elapsed cpu  time: sys=0:00:00 usr=0:00:00 total=0:00:00
[End of Build All Nets] Stage (MB): Used    0  Alloctr    0  Proc    0 
[End of Build All Nets] Total (MB): Used   64  Alloctr   65  Proc 3335 
Average gCell capacity  0.94	 on layer (1)	 li1
Average gCell capacity  7.06	 on layer (2)	 met1
Average gCell capacity  6.51	 on layer (3)	 met2
Average gCell capacity  4.24	 on layer (4)	 met3
Average gCell capacity  3.29	 on layer (5)	 met4
Average gCell capacity  0.86	 on layer (6)	 met5
Average number of tracks per gCell 6.86	 on layer (1)	 li1
Average number of tracks per gCell 9.14	 on layer (2)	 met1
Average number of tracks per gCell 6.86	 on layer (3)	 met2
Average number of tracks per gCell 4.71	 on layer (4)	 met3
Average number of tracks per gCell 3.57	 on layer (5)	 met4
Average number of tracks per gCell 1.14	 on layer (6)	 met5
Number of gCells = 294
Current Stage stats:
[End of Build Congestion map] Elapsed real time: 0:00:00 
[End of Build Congestion map] Elapsed cpu  time: sys=0:00:00 usr=0:00:00 total=0:00:00
[End of Build Congestion map] Stage (MB): Used    0  Alloctr    0  Proc    0 
[End of Build Congestion map] Total (MB): Used   64  Alloctr   65  Proc 3335 
Total stats:
[End of Build Data] Elapsed real time: 0:00:00 
[End of Build Data] Elapsed cpu  time: sys=0:00:00 usr=0:00:00 total=0:00:00
[End of Build Data] Stage (MB): Used    0  Alloctr    0  Proc    0 
[End of Build Data] Total (MB): Used   64  Alloctr   65  Proc 3335 
Current Stage stats:
[End of Blocked Pin Detection] Elapsed real time: 0:00:00 
[End of Blocked Pin Detection] Elapsed cpu  time: sys=0:00:00 usr=0:00:00 total=0:00:00
[End of Blocked Pin Detection] Stage (MB): Used    0  Alloctr    0  Proc    0 
[End of Blocked Pin Detection] Total (MB): Used   64  Alloctr   65  Proc 3335 
Information: Using 4 threads for routing. (ZRT-444)
multi gcell levels ON

Start GR phase 0
Current Stage stats:
[End of Initial Routing] Elapsed real time: 0:00:00 
[End of Initial Routing] Elapsed cpu  time: sys=0:00:00 usr=0:00:00 total=0:00:00
[End of Initial Routing] Stage (MB): Used    0  Alloctr    0  Proc    0 
[End of Initial Routing] Total (MB): Used   64  Alloctr   65  Proc 3335 
Initial. Routing result:
Initial. Both Dirs: Overflow =     0 Max = 0 GRCs =     0 (0.00%)
Initial. H routing: Overflow =     0 Max = 0 (GRCs =  0) GRCs =     0 (0.00%)
Initial. V routing: Overflow =     0 Max = 0 (GRCs =  0) GRCs =     0 (0.00%)
Initial. li1        Overflow =     0 Max = 0 (GRCs =  0) GRCs =     0 (0.00%)
Initial. met1       Overflow =     0 Max = 0 (GRCs =  0) GRCs =     0 (0.00%)
Initial. met2       Overflow =     0 Max = 0 (GRCs =  0) GRCs =     0 (0.00%)
Initial. met3       Overflow =     0 Max = 0 (GRCs =  0) GRCs =     0 (0.00%)
Initial. met4       Overflow =     0 Max = 0 (GRCs =  0) GRCs =     0 (0.00%)
Initial. met5       Overflow =     0 Max = 0 (GRCs =  0) GRCs =     0 (0.00%)

Initial. Total Wire Length = 391.20
Initial. Layer li1 wire length = 9.25
Initial. Layer met1 wire length = 151.68
Initial. Layer met2 wire length = 182.03
Initial. Layer met3 wire length = 48.25
Initial. Layer met4 wire length = 0.00
Initial. Layer met5 wire length = 0.00
Initial. Total Number of Contacts = 153
Initial. Via L1M1_PR count = 75
Initial. Via M1M2_PR count = 67
Initial. Via M2M3_PR count = 11
Initial. Via M3M4_PR count = 0
Initial. Via M4M5_PR count = 0
Initial. completed.

Start GR phase 1
Current Stage stats:
[End of Phase1 Routing] Elapsed real time: 0:00:00 
[End of Phase1 Routing] Elapsed cpu  time: sys=0:00:00 usr=0:00:00 total=0:00:00
[End of Phase1 Routing] Stage (MB): Used    0  Alloctr    0  Proc    0 
[End of Phase1 Routing] Total (MB): Used   64  Alloctr   65  Proc 3335 
phase1. Routing result:
phase1. Both Dirs: Overflow =     0 Max = 0 GRCs =     0 (0.00%)
phase1. H routing: Overflow =     0 Max = 0 (GRCs =  0) GRCs =     0 (0.00%)
phase1. V routing: Overflow =     0 Max = 0 (GRCs =  0) GRCs =     0 (0.00%)
phase1. li1        Overflow =     0 Max = 0 (GRCs =  0) GRCs =     0 (0.00%)
phase1. met1       Overflow =     0 Max = 0 (GRCs =  0) GRCs =     0 (0.00%)
phase1. met2       Overflow =     0 Max = 0 (GRCs =  0) GRCs =     0 (0.00%)
phase1. met3       Overflow =     0 Max = 0 (GRCs =  0) GRCs =     0 (0.00%)
phase1. met4       Overflow =     0 Max = 0 (GRCs =  0) GRCs =     0 (0.00%)
phase1. met5       Overflow =     0 Max = 0 (GRCs =  0) GRCs =     0 (0.00%)

phase1. Total Wire Length = 391.20
phase1. Layer li1 wire length = 9.25
phase1. Layer met1 wire length = 151.68
phase1. Layer met2 wire length = 182.03
phase1. Layer met3 wire length = 48.24
phase1. Layer met4 wire length = 0.00
phase1. Layer met5 wire length = 0.00
phase1. Total Number of Contacts = 153
phase1. Via L1M1_PR count = 75
phase1. Via M1M2_PR count = 67
phase1. Via M2M3_PR count = 11
phase1. Via M3M4_PR count = 0
phase1. Via M4M5_PR count = 0
phase1. completed.

Start GR phase 2
Current Stage stats:
[End of Phase2 Routing] Elapsed real time: 0:00:00 
[End of Phase2 Routing] Elapsed cpu  time: sys=0:00:00 usr=0:00:00 total=0:00:00
[End of Phase2 Routing] Stage (MB): Used    0  Alloctr    0  Proc    0 
[End of Phase2 Routing] Total (MB): Used   64  Alloctr   65  Proc 3335 
phase2. Routing result:
phase2. Both Dirs: Overflow =     0 Max = 0 GRCs =     0 (0.00%)
phase2. H routing: Overflow =     0 Max = 0 (GRCs =  0) GRCs =     0 (0.00%)
phase2. V routing: Overflow =     0 Max = 0 (GRCs =  0) GRCs =     0 (0.00%)
phase2. li1        Overflow =     0 Max = 0 (GRCs =  0) GRCs =     0 (0.00%)
phase2. met1       Overflow =     0 Max = 0 (GRCs =  0) GRCs =     0 (0.00%)
phase2. met2       Overflow =     0 Max = 0 (GRCs =  0) GRCs =     0 (0.00%)
phase2. met3       Overflow =     0 Max = 0 (GRCs =  0) GRCs =     0 (0.00%)
phase2. met4       Overflow =     0 Max = 0 (GRCs =  0) GRCs =     0 (0.00%)
phase2. met5       Overflow =     0 Max = 0 (GRCs =  0) GRCs =     0 (0.00%)

phase2. Total Wire Length = 391.20
phase2. Layer li1 wire length = 9.24
phase2. Layer met1 wire length = 151.68
phase2. Layer met2 wire length = 182.03
phase2. Layer met3 wire length = 48.24
phase2. Layer met4 wire length = 0.00
phase2. Layer met5 wire length = 0.00
phase2. Total Number of Contacts = 153
phase2. Via L1M1_PR count = 75
phase2. Via M1M2_PR count = 67
phase2. Via M2M3_PR count = 11
phase2. Via M3M4_PR count = 0
phase2. Via M4M5_PR count = 0
phase2. completed.
[End of Whole Chip Routing] Elapsed real time: 0:00:00 
[End of Whole Chip Routing] Elapsed cpu  time: sys=0:00:00 usr=0:00:00 total=0:00:00
[End of Whole Chip Routing] Stage (MB): Used    0  Alloctr    0  Proc    0 
[End of Whole Chip Routing] Total (MB): Used   64  Alloctr   65  Proc 3335 

Congestion utilization per direction:
Average vertical track utilization   = 16.73 %
Peak    vertical track utilization   = 50.00 %
Average horizontal track utilization = 16.61 %
Peak    horizontal track utilization = 50.00 %

Current Stage stats:
[GR: Done] Elapsed real time: 0:00:00 
[GR: Done] Elapsed cpu  time: sys=0:00:00 usr=0:00:00 total=0:00:00
[GR: Done] Stage (MB): Used    0  Alloctr    0  Proc    0 
[GR: Done] Total (MB): Used   64  Alloctr   65  Proc 3335 
GR Total stats:
[GR: Done] Elapsed real time: 0:00:00 
[GR: Done] Elapsed cpu  time: sys=0:00:00 usr=0:00:00 total=0:00:00
[GR: Done] Stage (MB): Used   58  Alloctr   58  Proc    8 
[GR: Done] Total (MB): Used   64  Alloctr   65  Proc 3335 
Updating congestion ...
Final total stats:
[End of Global Routing] Elapsed real time: 0:00:01 
[End of Global Routing] Elapsed cpu  time: sys=0:00:00 usr=0:00:00 total=0:00:00
[End of Global Routing] Stage (MB): Used   57  Alloctr   57  Proc    8 
[End of Global Routing] Total (MB): Used   63  Alloctr   64  Proc 3335 
 
****************************************
Report : congestion
Design : counter
Version: S-2021.06-SP3
Date   : Wed Sep  6 21:07:27 2023
****************************************

Both Dirs: Overflow = 0 Max = 0 (0 GRCs) GRCs = 0 (0.00%)
H routing: Overflow = 0 Max = 0 (0 GRCs) GRCs = 0  (0.00%)
V routing: Overflow = 0 Max = 0 (0 GRCs) GRCs = 0  (0.00%)
1
