 
****************************************
Report : clock_gating
        -nosplit
Design : counter
Version: S-2021.06-SP3
Date   : Wed Sep  6 21:07:24 2023
****************************************

Information: Identification of clock-gating cells has not been performed. Pre-existing clock-gating cells will not be reported. (PWR-947)


                             Clock Gating Summary
          ------------------------------------------------------------
          |    Number of Clock gating elements    |        1         |
          |                                       |                  |
          |    Number of Gated registers          |     4 (100.00%)  |
          |                                       |                  |
          |    Number of Ungated registers        |     0 (0.00%)    |
          |                                       |                  |
          |    Total number of registers          |        4         |
          ------------------------------------------------------------



                             Clock Gating Report by Origin
          +-------------------------------------------------+------------------+
          |                                                 |    Actual (%)    |
          |                                                 |    Count         |
          +-------------------------------------------------+------------------+
          |  Number of tool-inserted clock gating elements  |     1 (100.00%)  |
          |                                                 |                  |
          |  Number of pre-existing clock gating elements   |     0 (0.00%)    |
          |                                                 |                  |
          |  Number of gated registers                      |     4 (100.00%)  |
          |                                                 |                  |
          |  Number of tool-inserted gated registers        |     4 (100.00%)  |
          |                                                 |                  |
          |  Number of pre-existing gated registers         |     0 (0.00%)    |
          |                                                 |                  |
          |  Number of ungated registers                    |     0 (0.00%)    |
          |                                                 |                  |
          |  Number of registers                            |        4         |
          +-------------------------------------------------+------------------+



1
