Current scenario is: mode_norm.slow.RCmax
Done generating .... report_qor
Information: Timer is not in zero interconnect delay mode. (TIM-176)
Done generating .... report_timing
Done generating .... report_constraints
Done generating all report files.
Main process mem-peak:    953 Mb
Multicore mem-peak:   953 Mb
Multicore + icc2_link mem-peak:   953 Mb
***********************************************
Report          : create_qor_snapshot (counter.qor_snapshot.rpt)
Design          : counter
Version         : S-2021.06-SP3
Date            : Wed Sep  6 16:29:19 2023
Time unit       : 1.0e-09 Second(ns)
Capacitance unit: 1.0e-12 Farad(pF)
Voltage unit    : 1 Volt
Power unit      : N/A
Location        : reports/counter.qor_snapshot
***********************************************
No. of scenario = 2
s1 = mode_norm.slow.RCmax
s2 = mode_norm.fast.RCmin
------------------------------------------------------------------------
WNS of each timing group:                       s1        s2 
------------------------------------------------------------------------
------------------------------------------------------------------------
Setup WNS:                                   2.191     3.910      -0.000 
Setup TNS:                                     0.0       0.0      -0.000
Number of setup violations:                      0         0           0 
Hold WNS:                                    0.000    -0.025      -0.025 
Hold TNS:                                    0.000    -0.039      -0.039 
Number of hold violations:                       0         2           2 
Number of max trans violations:                  0         0           0 
Number of max cap violations:                    0         0           0 
Number of min pulse width violations:            0         0           0 
------------------------------------------------------------------------
Area:                                                                291
Cell count:                                                           22
Buf/inv cell count:                                                    1
CPU/ELAPSE(hr):                                                0.02/0.03
Mem(Mb):                                                             953
Host name:                                        grendel29.ece.ncsu.edu
------------------------------------------------------------------------
Histogram:             s1   s2 
------------------------------------------------------------------------
Max violations:         0    0 
   above ~ -0.7  ---    0    0 
    -0.6 ~ -0.7  ---    0    0 
    -0.5 ~ -0.6  ---    0    0 
    -0.4 ~ -0.5  ---    0    0 
    -0.3 ~ -0.4  ---    0    0 
    -0.2 ~ -0.3  ---    0    0 
    -0.1 ~ -0.2  ---    0    0 
       0 ~ -0.1  ---    0    0 
------------------------------------------------------------------------
Min violations:         0    2 
  -0.06 ~ above  ---    0    0 
  -0.05 ~ -0.06  ---    0    0 
  -0.04 ~ -0.05  ---    0    0 
  -0.03 ~ -0.04  ---    0    0 
  -0.02 ~ -0.03  ---    0    1 
  -0.01 ~ -0.02  ---    0    1 
      0 ~ -0.01  ---    0    0 
------------------------------------------------------------------------
Current scenario is: mode_norm.slow.RCmax
Snapshot (counter.qor_snapshot.rpt) is created and stored under "reports/counter.qor_snapshot" directory
1
